/*C1*/SET SCHEMA SYSTEM_LOBS
INSERT INTO BLOCKS VALUES(0,2147483647,0)
COMMIT
/*C3*/SET SCHEMA PUBLIC
CREATE TABLE IF NOT EXISTS BDonor(name VARCHAR(32) NOT NULL, bgroup VARCHAR(32) NOT NULL, gender VARCHAR(32) NOT NULL, age INTEGER NOT NULL)
DISCONNECT
/*C4*/SET SCHEMA PUBLIC
CREATE TABLE IF NOT EXISTS BDonor(name VARCHAR(32) NOT NULL, bgroup VARCHAR(32) NOT NULL, gender VARCHAR(32) NOT NULL, age INTEGER NOT NULL)
DISCONNECT
/*C6*/SET SCHEMA PUBLIC
CREATE TABLE IF NOT EXISTS BDonor(name VARCHAR(32) NOT NULL, bgroup VARCHAR(32) NOT NULL, gender VARCHAR(32) NOT NULL, age INTEGER NOT NULL)
DISCONNECT
/*C7*/SET SCHEMA PUBLIC
DISCONNECT
/*C9*/SET SCHEMA PUBLIC
INSERT INTO BDONOR VALUES('srdgy','O-','Male',43)
COMMIT
DISCONNECT
/*C10*/SET SCHEMA PUBLIC
INSERT INTO BDONOR VALUES('srdgy','O-','Male',43)
COMMIT
DISCONNECT
/*C11*/SET SCHEMA PUBLIC
INSERT INTO BDONOR VALUES('srdgy','O-','Male',43)
COMMIT
DISCONNECT
/*C8*/SET SCHEMA PUBLIC
DROP TABLE Bdonor\u000a
/*C12*/SET SCHEMA PUBLIC
DISCONNECT
/*C13*/SET SCHEMA PUBLIC
DISCONNECT
/*C14*/SET SCHEMA PUBLIC
CREATE TABLE IF NOT EXISTS BDonor(Autoid INTEGER NOT NULL, name VARCHAR(32) NOT NULL, bgroup VARCHAR(32) NOT NULL, gender VARCHAR(32) NOT NULL, age INTEGER NOT NULL)
DISCONNECT
/*C8*/INSERT INTO BDONOR VALUES(1,'varun','B+','male',21)
COMMIT
/*C18*/SET SCHEMA PUBLIC
DISCONNECT
/*C19*/SET SCHEMA PUBLIC
DISCONNECT
/*C20*/SET SCHEMA PUBLIC
DISCONNECT
/*C21*/SET SCHEMA PUBLIC
DISCONNECT
/*C22*/SET SCHEMA PUBLIC
DISCONNECT
/*C23*/SET SCHEMA PUBLIC
DISCONNECT
/*C8*/DELETE FROM BDONOR WHERE AUTOID=1 AND NAME='varun' AND BGROUP='B+' AND GENDER='male' AND AGE=21
COMMIT
/*C24*/SET SCHEMA PUBLIC
DISCONNECT
/*C25*/SET SCHEMA PUBLIC
DISCONNECT
/*C26*/SET SCHEMA PUBLIC
DISCONNECT
/*C27*/SET SCHEMA PUBLIC
DISCONNECT
/*C28*/SET SCHEMA PUBLIC
INSERT INTO BDONOR VALUES(21,'srdg','A-','Male',32)
COMMIT
DISCONNECT
/*C29*/SET SCHEMA PUBLIC
DISCONNECT
/*C30*/SET SCHEMA PUBLIC
INSERT INTO BDONOR VALUES(22,'srdg','A-','Male',32)
COMMIT
DISCONNECT
/*C31*/SET SCHEMA PUBLIC
DISCONNECT
/*C32*/SET SCHEMA PUBLIC
INSERT INTO BDONOR VALUES(10,'srdg','A-','Male',32)
COMMIT
DISCONNECT
/*C8*/DISCONNECT
/*C5*/SET SCHEMA PUBLIC
DISCONNECT
/*C33*/SET SCHEMA PUBLIC
DISCONNECT
/*C17*/SET SCHEMA PUBLIC
DISCONNECT
/*C16*/SET SCHEMA PUBLIC
DISCONNECT
/*C15*/SET SCHEMA PUBLIC
DISCONNECT
/*C2*/SET SCHEMA PUBLIC
DISCONNECT
